Build started 1/19/2026 6:26:58 AM.
     1>Project "C:\Users\drpt0\iCloudDrive\Developer\Projects\Active\vantus.file.index\Vantus.App\Vantus.App.csproj" on node 1 (Restore target(s)).
     1>_GetAllRestoreProjectPathItems:
         Determining projects to restore...
       Restore:
         X.509 certificate chain validation will use the default trust store selected by .NET for code signing.
         X.509 certificate chain validation will use the default trust store selected by .NET for timestamping.
         Assets file has not changed. Skipping assets file writing. Path: C:\Users\drpt0\iCloudDrive\Developer\Projects\Active\vantus.file.index\Vantus.App\obj\project.assets.json
         Assets file has not changed. Skipping assets file writing. Path: C:\Users\drpt0\iCloudDrive\Developer\Projects\Active\vantus.file.index\Vantus.Core\obj\project.assets.json
         Restored C:\Users\drpt0\iCloudDrive\Developer\Projects\Active\vantus.file.index\Vantus.App\Vantus.App.csproj (in 61 ms).
         Restored C:\Users\drpt0\iCloudDrive\Developer\Projects\Active\vantus.file.index\Vantus.Core\Vantus.Core.csproj (in 61 ms).
         
         NuGet Config files used:
             C:\Users\drpt0\AppData\Roaming\NuGet\NuGet.Config
         
         Feeds used:
             https://api.nuget.org/v3/index.json
         All projects are up-to-date for restore.
     1>Done Building Project "C:\Users\drpt0\iCloudDrive\Developer\Projects\Active\vantus.file.index\Vantus.App\Vantus.App.csproj" (Restore target(s)).
   1:7>Project "C:\Users\drpt0\iCloudDrive\Developer\Projects\Active\vantus.file.index\Vantus.App\Vantus.App.csproj" on node 1 (default targets).
   1:7>Project "C:\Users\drpt0\iCloudDrive\Developer\Projects\Active\vantus.file.index\Vantus.App\Vantus.App.csproj" (1:7) is building "C:\Users\drpt0\iCloudDrive\Developer\Projects\Active\vantus.file.index\Vantus.Core\Vantus.Core.csproj" (2:6) on node 1 (default targets).
     2>GenerateTargetFrameworkMonikerAttribute:
       Skipping target "GenerateTargetFrameworkMonikerAttribute" because all output files are up-to-date with respect to the input files.
       CoreGenerateAssemblyInfo:
       Skipping target "CoreGenerateAssemblyInfo" because all output files are up-to-date with respect to the input files.
       _GenerateSourceLinkFile:
         Source Link is empty, file 'obj\Debug\net8.0\Vantus.Core.sourcelink.json' does not exist.
       CoreCompile:
       Skipping target "CoreCompile" because all output files are up-to-date with respect to the input files.
       GenerateBuildDependencyFile:
       Skipping target "GenerateBuildDependencyFile" because all output files are up-to-date with respect to the input files.
       CopyFilesToOutputDirectory:
         Vantus.Core -> C:\Users\drpt0\iCloudDrive\Developer\Projects\Active\vantus.file.index\Vantus.Core\bin\Debug\net8.0\Vantus.Core.dll
     2>Done Building Project "C:\Users\drpt0\iCloudDrive\Developer\Projects\Active\vantus.file.index\Vantus.Core\Vantus.Core.csproj" (default targets).
     1>MarkupCompilePass1:
         "C:\Users\drpt0\.nuget\packages\microsoft.windowsappsdk.winui\1.8.250906003\buildTransitive\..\tools\net6.0\..\net472\XamlCompiler.exe" "obj\Debug\net8.0-windows10.0.19041.0\\input.json" "obj\Debug\net8.0-windows10.0.19041.0\\output.json"
     1>C:\Users\drpt0\.nuget\packages\microsoft.windowsappsdk.winui\1.8.250906003\buildTransitive\Microsoft.UI.Xaml.Markup.Compiler.interop.targets(594,9): error MSB3073: The command ""C:\Users\drpt0\.nuget\packages\microsoft.windowsappsdk.winui\1.8.250906003\buildTransitive\..\tools\net6.0\..\net472\XamlCompiler.exe" "obj\Debug\net8.0-windows10.0.19041.0\\input.json" "obj\Debug\net8.0-windows10.0.19041.0\\output.json"" exited with code 1. [C:\Users\drpt0\iCloudDrive\Developer\Projects\Active\vantus.file.index\Vantus.App\Vantus.App.csproj]
     1>Done Building Project "C:\Users\drpt0\iCloudDrive\Developer\Projects\Active\vantus.file.index\Vantus.App\Vantus.App.csproj" (default targets) -- FAILED.

Build FAILED.

       "C:\Users\drpt0\iCloudDrive\Developer\Projects\Active\vantus.file.index\Vantus.App\Vantus.App.csproj" (default target) (1:7) ->
       (MarkupCompilePass1 target) -> 
         C:\Users\drpt0\.nuget\packages\microsoft.windowsappsdk.winui\1.8.250906003\buildTransitive\Microsoft.UI.Xaml.Markup.Compiler.interop.targets(594,9): error MSB3073: The command ""C:\Users\drpt0\.nuget\packages\microsoft.windowsappsdk.winui\1.8.250906003\buildTransitive\..\tools\net6.0\..\net472\XamlCompiler.exe" "obj\Debug\net8.0-windows10.0.19041.0\\input.json" "obj\Debug\net8.0-windows10.0.19041.0\\output.json"" exited with code 1. [C:\Users\drpt0\iCloudDrive\Developer\Projects\Active\vantus.file.index\Vantus.App\Vantus.App.csproj]

    0 Warning(s)
    1 Error(s)

Time Elapsed 00:00:04.19
